<?xml version="1.0" encoding="UTF-8"?>
<testng-results ignored="3" total="4" passed="1" failed="0" skipped="0">
  <reporter-output>
  </reporter-output>
  <suite started-at="2021-09-02T17:46:21Z" name="Default suite" finished-at="2021-09-02T17:46:23Z" duration-ms="2320">
    <groups>
    </groups>
    <test started-at="2021-09-02T17:46:21Z" name="Default test" finished-at="2021-09-02T17:46:23Z" duration-ms="2320">
      <class name="com.example.demo.DemoApplicationTests">
        <test-method signature="delete()[pri:0, instance:com.example.demo.DemoApplicationTests@7a220c9a]" started-at="2021-09-02T17:46:21Z" name="delete" finished-at="2021-09-02T17:46:23Z" duration-ms="2295" status="PASS">
          <reporter-output>
          </reporter-output>
        </test-method> <!-- delete -->
      </class> <!-- com.example.demo.DemoApplicationTests -->
    </test> <!-- Default test -->
  </suite> <!-- Default suite -->
</testng-results>
