<?xml version="1.0" encoding="UTF-8"?>
<!-- Generated by org.testng.reporters.JUnitXMLReporter -->
<testsuite ignored="3" hostname="MC50071708" failures="0" tests="1" name="Default test" time="2.32" errors="0" timestamp="02 Sep 2021 17:46:23 GMT">
  <testcase classname="com.example.demo.DemoApplicationTests" name="delete" time="2.295"/>
  <testcase classname="com.example.demo.DemoApplicationTests" name="getAllEmployee" time="0.0">
    <ignored/>
  </testcase> <!-- getAllEmployee -->
  <testcase classname="com.example.demo.DemoApplicationTests" name="getResponseTime" time="0.0">
    <ignored/>
  </testcase> <!-- getResponseTime -->
  <testcase classname="com.example.demo.DemoApplicationTests" name="addEmployee" time="0.0">
    <ignored/>
  </testcase> <!-- addEmployee -->
</testsuite> <!-- Default test -->
